0 info it worked if it ends with ok
1 verbose cli [ '/usr/local/bin/node',
1 verbose cli   '/usr/local/bin/npm',
1 verbose cli   'install',
1 verbose cli   '--save-dev',
1 verbose cli   'vinyl-source-stream',
1 verbose cli   'vinyl-buffer',
1 verbose cli   'gulp-livereload',
1 verbose cli   'gulp-uglify',
1 verbose cli   'gulp-util',
1 verbose cli   'gulp',
1 verbose cli   'babelify',
1 verbose cli   'babel-preset-es2015',
1 verbose cli   'buffer',
1 verbose cli   'merge',
1 verbose cli   'rename',
1 verbose cli   'source',
1 verbose cli   'sourcemaps',
1 verbose cli   'watchify' ]
2 info using npm@3.10.3
3 info using node@v6.3.0
4 silly loadCurrentTree Starting
5 silly install loadCurrentTree
6 silly install readLocalPackageData
7 silly fetchPackageMetaData vinyl-source-stream
8 silly fetchPackageMetaData vinyl-buffer
9 silly fetchPackageMetaData gulp-livereload
10 silly fetchPackageMetaData gulp-uglify
11 silly fetchPackageMetaData gulp-util
12 silly fetchPackageMetaData gulp@^3.9.1
13 silly fetchPackageMetaData babelify
14 silly fetchPackageMetaData babel-preset-es2015
15 silly fetchPackageMetaData buffer
16 silly fetchPackageMetaData merge
17 silly fetchPackageMetaData rename
18 silly fetchPackageMetaData source
19 silly fetchPackageMetaData sourcemaps
20 silly fetchPackageMetaData watchify
21 silly fetchNamedPackageData gulp
22 silly mapToRegistry name gulp
23 silly mapToRegistry using default registry
24 silly mapToRegistry registry https://registry.npmjs.org/
25 silly mapToRegistry data Result {
25 silly mapToRegistry   raw: 'gulp',
25 silly mapToRegistry   scope: null,
25 silly mapToRegistry   escapedName: 'gulp',
25 silly mapToRegistry   name: 'gulp',
25 silly mapToRegistry   rawSpec: '',
25 silly mapToRegistry   spec: 'latest',
25 silly mapToRegistry   type: 'tag' }
26 silly mapToRegistry uri https://registry.npmjs.org/gulp
27 silly fetchNamedPackageData vinyl-source-stream
28 silly mapToRegistry name vinyl-source-stream
29 silly mapToRegistry using default registry
30 silly mapToRegistry registry https://registry.npmjs.org/
31 silly mapToRegistry data Result {
31 silly mapToRegistry   raw: 'vinyl-source-stream',
31 silly mapToRegistry   scope: null,
31 silly mapToRegistry   escapedName: 'vinyl-source-stream',
31 silly mapToRegistry   name: 'vinyl-source-stream',
31 silly mapToRegistry   rawSpec: '',
31 silly mapToRegistry   spec: 'latest',
31 silly mapToRegistry   type: 'tag' }
32 silly mapToRegistry uri https://registry.npmjs.org/vinyl-source-stream
33 silly fetchNamedPackageData vinyl-buffer
34 silly mapToRegistry name vinyl-buffer
35 silly mapToRegistry using default registry
36 silly mapToRegistry registry https://registry.npmjs.org/
37 silly mapToRegistry data Result {
37 silly mapToRegistry   raw: 'vinyl-buffer',
37 silly mapToRegistry   scope: null,
37 silly mapToRegistry   escapedName: 'vinyl-buffer',
37 silly mapToRegistry   name: 'vinyl-buffer',
37 silly mapToRegistry   rawSpec: '',
37 silly mapToRegistry   spec: 'latest',
37 silly mapToRegistry   type: 'tag' }
38 silly mapToRegistry uri https://registry.npmjs.org/vinyl-buffer
39 silly fetchNamedPackageData gulp-livereload
40 silly mapToRegistry name gulp-livereload
41 silly mapToRegistry using default registry
42 silly mapToRegistry registry https://registry.npmjs.org/
43 silly mapToRegistry data Result {
43 silly mapToRegistry   raw: 'gulp-livereload',
43 silly mapToRegistry   scope: null,
43 silly mapToRegistry   escapedName: 'gulp-livereload',
43 silly mapToRegistry   name: 'gulp-livereload',
43 silly mapToRegistry   rawSpec: '',
43 silly mapToRegistry   spec: 'latest',
43 silly mapToRegistry   type: 'tag' }
44 silly mapToRegistry uri https://registry.npmjs.org/gulp-livereload
45 silly fetchNamedPackageData gulp-uglify
46 silly mapToRegistry name gulp-uglify
47 silly mapToRegistry using default registry
48 silly mapToRegistry registry https://registry.npmjs.org/
49 silly mapToRegistry data Result {
49 silly mapToRegistry   raw: 'gulp-uglify',
49 silly mapToRegistry   scope: null,
49 silly mapToRegistry   escapedName: 'gulp-uglify',
49 silly mapToRegistry   name: 'gulp-uglify',
49 silly mapToRegistry   rawSpec: '',
49 silly mapToRegistry   spec: 'latest',
49 silly mapToRegistry   type: 'tag' }
50 silly mapToRegistry uri https://registry.npmjs.org/gulp-uglify
51 silly fetchNamedPackageData gulp-util
52 silly mapToRegistry name gulp-util
53 silly mapToRegistry using default registry
54 silly mapToRegistry registry https://registry.npmjs.org/
55 silly mapToRegistry data Result {
55 silly mapToRegistry   raw: 'gulp-util',
55 silly mapToRegistry   scope: null,
55 silly mapToRegistry   escapedName: 'gulp-util',
55 silly mapToRegistry   name: 'gulp-util',
55 silly mapToRegistry   rawSpec: '',
55 silly mapToRegistry   spec: 'latest',
55 silly mapToRegistry   type: 'tag' }
56 silly mapToRegistry uri https://registry.npmjs.org/gulp-util
57 silly fetchNamedPackageData babelify
58 silly mapToRegistry name babelify
59 silly mapToRegistry using default registry
60 silly mapToRegistry registry https://registry.npmjs.org/
61 silly mapToRegistry data Result {
61 silly mapToRegistry   raw: 'babelify',
61 silly mapToRegistry   scope: null,
61 silly mapToRegistry   escapedName: 'babelify',
61 silly mapToRegistry   name: 'babelify',
61 silly mapToRegistry   rawSpec: '',
61 silly mapToRegistry   spec: 'latest',
61 silly mapToRegistry   type: 'tag' }
62 silly mapToRegistry uri https://registry.npmjs.org/babelify
63 silly fetchNamedPackageData babel-preset-es2015
64 silly mapToRegistry name babel-preset-es2015
65 silly mapToRegistry using default registry
66 silly mapToRegistry registry https://registry.npmjs.org/
67 silly mapToRegistry data Result {
67 silly mapToRegistry   raw: 'babel-preset-es2015',
67 silly mapToRegistry   scope: null,
67 silly mapToRegistry   escapedName: 'babel-preset-es2015',
67 silly mapToRegistry   name: 'babel-preset-es2015',
67 silly mapToRegistry   rawSpec: '',
67 silly mapToRegistry   spec: 'latest',
67 silly mapToRegistry   type: 'tag' }
68 silly mapToRegistry uri https://registry.npmjs.org/babel-preset-es2015
69 silly fetchNamedPackageData buffer
70 silly mapToRegistry name buffer
71 silly mapToRegistry using default registry
72 silly mapToRegistry registry https://registry.npmjs.org/
73 silly mapToRegistry data Result {
73 silly mapToRegistry   raw: 'buffer',
73 silly mapToRegistry   scope: null,
73 silly mapToRegistry   escapedName: 'buffer',
73 silly mapToRegistry   name: 'buffer',
73 silly mapToRegistry   rawSpec: '',
73 silly mapToRegistry   spec: 'latest',
73 silly mapToRegistry   type: 'tag' }
74 silly mapToRegistry uri https://registry.npmjs.org/buffer
75 silly fetchNamedPackageData merge
76 silly mapToRegistry name merge
77 silly mapToRegistry using default registry
78 silly mapToRegistry registry https://registry.npmjs.org/
79 silly mapToRegistry data Result {
79 silly mapToRegistry   raw: 'merge',
79 silly mapToRegistry   scope: null,
79 silly mapToRegistry   escapedName: 'merge',
79 silly mapToRegistry   name: 'merge',
79 silly mapToRegistry   rawSpec: '',
79 silly mapToRegistry   spec: 'latest',
79 silly mapToRegistry   type: 'tag' }
80 silly mapToRegistry uri https://registry.npmjs.org/merge
81 silly fetchNamedPackageData rename
82 silly mapToRegistry name rename
83 silly mapToRegistry using default registry
84 silly mapToRegistry registry https://registry.npmjs.org/
85 silly mapToRegistry data Result {
85 silly mapToRegistry   raw: 'rename',
85 silly mapToRegistry   scope: null,
85 silly mapToRegistry   escapedName: 'rename',
85 silly mapToRegistry   name: 'rename',
85 silly mapToRegistry   rawSpec: '',
85 silly mapToRegistry   spec: 'latest',
85 silly mapToRegistry   type: 'tag' }
86 silly mapToRegistry uri https://registry.npmjs.org/rename
87 silly fetchNamedPackageData source
88 silly mapToRegistry name source
89 silly mapToRegistry using default registry
90 silly mapToRegistry registry https://registry.npmjs.org/
91 silly mapToRegistry data Result {
91 silly mapToRegistry   raw: 'source',
91 silly mapToRegistry   scope: null,
91 silly mapToRegistry   escapedName: 'source',
91 silly mapToRegistry   name: 'source',
91 silly mapToRegistry   rawSpec: '',
91 silly mapToRegistry   spec: 'latest',
91 silly mapToRegistry   type: 'tag' }
92 silly mapToRegistry uri https://registry.npmjs.org/source
93 silly fetchNamedPackageData sourcemaps
94 silly mapToRegistry name sourcemaps
95 silly mapToRegistry using default registry
96 silly mapToRegistry registry https://registry.npmjs.org/
97 silly mapToRegistry data Result {
97 silly mapToRegistry   raw: 'sourcemaps',
97 silly mapToRegistry   scope: null,
97 silly mapToRegistry   escapedName: 'sourcemaps',
97 silly mapToRegistry   name: 'sourcemaps',
97 silly mapToRegistry   rawSpec: '',
97 silly mapToRegistry   spec: 'latest',
97 silly mapToRegistry   type: 'tag' }
98 silly mapToRegistry uri https://registry.npmjs.org/sourcemaps
99 silly fetchNamedPackageData watchify
100 silly mapToRegistry name watchify
101 silly mapToRegistry using default registry
102 silly mapToRegistry registry https://registry.npmjs.org/
103 silly mapToRegistry data Result {
103 silly mapToRegistry   raw: 'watchify',
103 silly mapToRegistry   scope: null,
103 silly mapToRegistry   escapedName: 'watchify',
103 silly mapToRegistry   name: 'watchify',
103 silly mapToRegistry   rawSpec: '',
103 silly mapToRegistry   spec: 'latest',
103 silly mapToRegistry   type: 'tag' }
104 silly mapToRegistry uri https://registry.npmjs.org/watchify
105 verbose request uri https://registry.npmjs.org/sourcemaps
106 verbose request no auth needed
107 info attempt registry request try #1 at 12:47:20 AM
108 verbose request id 27ff0d2100027090
109 http request GET https://registry.npmjs.org/sourcemaps
110 verbose request uri https://registry.npmjs.org/vinyl-source-stream
111 verbose request no auth needed
112 info attempt registry request try #1 at 12:47:20 AM
113 verbose etag "1K9IJGALRZSZ6IS2DT5P9H9RU"
114 http request GET https://registry.npmjs.org/vinyl-source-stream
115 verbose request uri https://registry.npmjs.org/gulp
116 verbose request no auth needed
117 info attempt registry request try #1 at 12:47:20 AM
118 verbose etag "2JIE99FK6CSE263TBMU7ZRCJK"
119 http request GET https://registry.npmjs.org/gulp
120 verbose request uri https://registry.npmjs.org/vinyl-buffer
121 verbose request no auth needed
122 info attempt registry request try #1 at 12:47:20 AM
123 verbose etag "EJMB1L1JEZZLPECN7WDIIYDCA"
124 http request GET https://registry.npmjs.org/vinyl-buffer
125 verbose request uri https://registry.npmjs.org/gulp-uglify
126 verbose request no auth needed
127 info attempt registry request try #1 at 12:47:20 AM
128 verbose etag "5ZAE8DMTU1CKB9WBW4AVCB3PC"
129 http request GET https://registry.npmjs.org/gulp-uglify
130 verbose request uri https://registry.npmjs.org/babelify
131 verbose request no auth needed
132 info attempt registry request try #1 at 12:47:20 AM
133 verbose etag "SNSKUYP2K0COT3UOVE9TSZ83"
134 http request GET https://registry.npmjs.org/babelify
135 verbose request uri https://registry.npmjs.org/gulp-livereload
136 verbose request no auth needed
137 info attempt registry request try #1 at 12:47:20 AM
138 verbose etag "2T79IVZ21Y4T5KFEPIHIYP4PD"
139 http request GET https://registry.npmjs.org/gulp-livereload
140 verbose request uri https://registry.npmjs.org/babel-preset-es2015
141 verbose request no auth needed
142 info attempt registry request try #1 at 12:47:20 AM
143 verbose etag "2YJXLQ3GS8W620CR5CQD5IBDA"
144 http request GET https://registry.npmjs.org/babel-preset-es2015
145 verbose request uri https://registry.npmjs.org/buffer
146 verbose request no auth needed
147 info attempt registry request try #1 at 12:47:20 AM
148 verbose etag "DSMMC4RO2MII4VN6UIX2DH238"
149 http request GET https://registry.npmjs.org/buffer
150 verbose request uri https://registry.npmjs.org/rename
151 verbose request no auth needed
152 info attempt registry request try #1 at 12:47:20 AM
153 verbose etag "3UZN7LEFNR9T0SEBL0B4JXEFR"
154 http request GET https://registry.npmjs.org/rename
155 verbose request uri https://registry.npmjs.org/gulp-util
156 verbose request no auth needed
157 info attempt registry request try #1 at 12:47:20 AM
158 verbose etag "2ZB6XT8S1OE9REI9YI5ZC87W1"
159 http request GET https://registry.npmjs.org/gulp-util
160 verbose request uri https://registry.npmjs.org/merge
161 verbose request no auth needed
162 info attempt registry request try #1 at 12:47:20 AM
163 verbose etag "AOR1HVZECVBH8YXFDW9UZEKRK"
164 http request GET https://registry.npmjs.org/merge
165 verbose request uri https://registry.npmjs.org/source
166 verbose request no auth needed
167 info attempt registry request try #1 at 12:47:20 AM
168 verbose etag "43RGGEFPUV2272DWA4TGLSSPY"
169 http request GET https://registry.npmjs.org/source
170 verbose request uri https://registry.npmjs.org/watchify
171 verbose request no auth needed
172 info attempt registry request try #1 at 12:47:20 AM
173 verbose etag "ENXHZV6RZTGJZ1I7HBEH44HOK"
174 http request GET https://registry.npmjs.org/watchify
175 http 304 https://registry.npmjs.org/gulp
176 verbose headers { date: 'Thu, 06 Oct 2016 04:47:20 GMT',
176 verbose headers   via: '1.1 varnish',
176 verbose headers   'cache-control': 'max-age=300',
176 verbose headers   etag: '"2JIE99FK6CSE263TBMU7ZRCJK"',
176 verbose headers   age: '282',
176 verbose headers   connection: 'keep-alive',
176 verbose headers   'x-served-by': 'cache-mia1323-MIA',
176 verbose headers   'x-cache': 'HIT',
176 verbose headers   'x-cache-hits': '1',
176 verbose headers   'x-timer': 'S1475729240.780988,VS0,VE0',
176 verbose headers   vary: 'Accept-Encoding' }
177 silly get cb [ 304,
177 silly get   { date: 'Thu, 06 Oct 2016 04:47:20 GMT',
177 silly get     via: '1.1 varnish',
177 silly get     'cache-control': 'max-age=300',
177 silly get     etag: '"2JIE99FK6CSE263TBMU7ZRCJK"',
177 silly get     age: '282',
177 silly get     connection: 'keep-alive',
177 silly get     'x-served-by': 'cache-mia1323-MIA',
177 silly get     'x-cache': 'HIT',
177 silly get     'x-cache-hits': '1',
177 silly get     'x-timer': 'S1475729240.780988,VS0,VE0',
177 silly get     vary: 'Accept-Encoding' } ]
178 verbose etag https://registry.npmjs.org/gulp from cache
179 verbose get saving gulp to /Users/abvelazquez/.npm/registry.npmjs.org/gulp/.cache.json
180 verbose correctMkdir /Users/abvelazquez/.npm correctMkdir not in flight; initializing
181 http 304 https://registry.npmjs.org/vinyl-source-stream
182 verbose headers { date: 'Thu, 06 Oct 2016 04:47:20 GMT',
182 verbose headers   via: '1.1 varnish',
182 verbose headers   'cache-control': 'max-age=300',
182 verbose headers   etag: '"1K9IJGALRZSZ6IS2DT5P9H9RU"',
182 verbose headers   age: '281',
182 verbose headers   connection: 'keep-alive',
182 verbose headers   'x-served-by': 'cache-mia1324-MIA',
182 verbose headers   'x-cache': 'HIT',
182 verbose headers   'x-cache-hits': '1',
182 verbose headers   'x-timer': 'S1475729240.780912,VS0,VE0',
182 verbose headers   vary: 'Accept-Encoding' }
183 silly get cb [ 304,
183 silly get   { date: 'Thu, 06 Oct 2016 04:47:20 GMT',
183 silly get     via: '1.1 varnish',
183 silly get     'cache-control': 'max-age=300',
183 silly get     etag: '"1K9IJGALRZSZ6IS2DT5P9H9RU"',
183 silly get     age: '281',
183 silly get     connection: 'keep-alive',
183 silly get     'x-served-by': 'cache-mia1324-MIA',
183 silly get     'x-cache': 'HIT',
183 silly get     'x-cache-hits': '1',
183 silly get     'x-timer': 'S1475729240.780912,VS0,VE0',
183 silly get     vary: 'Accept-Encoding' } ]
184 verbose etag https://registry.npmjs.org/vinyl-source-stream from cache
185 verbose get saving vinyl-source-stream to /Users/abvelazquez/.npm/registry.npmjs.org/vinyl-source-stream/.cache.json
186 verbose correctMkdir /Users/abvelazquez/.npm correctMkdir already in flight; waiting
187 http 304 https://registry.npmjs.org/vinyl-buffer
188 verbose headers { date: 'Thu, 06 Oct 2016 04:47:20 GMT',
188 verbose headers   via: '1.1 varnish',
188 verbose headers   'cache-control': 'max-age=300',
188 verbose headers   etag: '"EJMB1L1JEZZLPECN7WDIIYDCA"',
188 verbose headers   age: '281',
188 verbose headers   connection: 'keep-alive',
188 verbose headers   'x-served-by': 'cache-mia1323-MIA',
188 verbose headers   'x-cache': 'HIT',
188 verbose headers   'x-cache-hits': '1',
188 verbose headers   'x-timer': 'S1475729240.787699,VS0,VE0',
188 verbose headers   vary: 'Accept-Encoding' }
189 silly get cb [ 304,
189 silly get   { date: 'Thu, 06 Oct 2016 04:47:20 GMT',
189 silly get     via: '1.1 varnish',
189 silly get     'cache-control': 'max-age=300',
189 silly get     etag: '"EJMB1L1JEZZLPECN7WDIIYDCA"',
189 silly get     age: '281',
189 silly get     connection: 'keep-alive',
189 silly get     'x-served-by': 'cache-mia1323-MIA',
189 silly get     'x-cache': 'HIT',
189 silly get     'x-cache-hits': '1',
189 silly get     'x-timer': 'S1475729240.787699,VS0,VE0',
189 silly get     vary: 'Accept-Encoding' } ]
190 verbose etag https://registry.npmjs.org/vinyl-buffer from cache
191 verbose get saving vinyl-buffer to /Users/abvelazquez/.npm/registry.npmjs.org/vinyl-buffer/.cache.json
192 verbose correctMkdir /Users/abvelazquez/.npm correctMkdir already in flight; waiting
193 http 304 https://registry.npmjs.org/babelify
194 verbose headers { date: 'Thu, 06 Oct 2016 04:47:20 GMT',
194 verbose headers   via: '1.1 varnish',
194 verbose headers   'cache-control': 'max-age=300',
194 verbose headers   etag: '"SNSKUYP2K0COT3UOVE9TSZ83"',
194 verbose headers   age: '281',
194 verbose headers   connection: 'keep-alive',
194 verbose headers   'x-served-by': 'cache-mia1322-MIA',
194 verbose headers   'x-cache': 'HIT',
194 verbose headers   'x-cache-hits': '1',
194 verbose headers   'x-timer': 'S1475729240.787449,VS0,VE0',
194 verbose headers   vary: 'Accept-Encoding' }
195 silly get cb [ 304,
195 silly get   { date: 'Thu, 06 Oct 2016 04:47:20 GMT',
195 silly get     via: '1.1 varnish',
195 silly get     'cache-control': 'max-age=300',
195 silly get     etag: '"SNSKUYP2K0COT3UOVE9TSZ83"',
195 silly get     age: '281',
195 silly get     connection: 'keep-alive',
195 silly get     'x-served-by': 'cache-mia1322-MIA',
195 silly get     'x-cache': 'HIT',
195 silly get     'x-cache-hits': '1',
195 silly get     'x-timer': 'S1475729240.787449,VS0,VE0',
195 silly get     vary: 'Accept-Encoding' } ]
196 verbose etag https://registry.npmjs.org/babelify from cache
197 verbose get saving babelify to /Users/abvelazquez/.npm/registry.npmjs.org/babelify/.cache.json
198 verbose correctMkdir /Users/abvelazquez/.npm correctMkdir already in flight; waiting
199 http 304 https://registry.npmjs.org/gulp-uglify
200 verbose headers { date: 'Thu, 06 Oct 2016 04:47:20 GMT',
200 verbose headers   via: '1.1 varnish',
200 verbose headers   'cache-control': 'max-age=300',
200 verbose headers   etag: '"5ZAE8DMTU1CKB9WBW4AVCB3PC"',
200 verbose headers   age: '282',
200 verbose headers   connection: 'keep-alive',
200 verbose headers   'x-served-by': 'cache-mia1321-MIA',
200 verbose headers   'x-cache': 'HIT',
200 verbose headers   'x-cache-hits': '1',
200 verbose headers   'x-timer': 'S1475729240.787750,VS0,VE0',
200 verbose headers   vary: 'Accept-Encoding' }
201 silly get cb [ 304,
201 silly get   { date: 'Thu, 06 Oct 2016 04:47:20 GMT',
201 silly get     via: '1.1 varnish',
201 silly get     'cache-control': 'max-age=300',
201 silly get     etag: '"5ZAE8DMTU1CKB9WBW4AVCB3PC"',
201 silly get     age: '282',
201 silly get     connection: 'keep-alive',
201 silly get     'x-served-by': 'cache-mia1321-MIA',
201 silly get     'x-cache': 'HIT',
201 silly get     'x-cache-hits': '1',
201 silly get     'x-timer': 'S1475729240.787750,VS0,VE0',
201 silly get     vary: 'Accept-Encoding' } ]
202 verbose etag https://registry.npmjs.org/gulp-uglify from cache
203 verbose get saving gulp-uglify to /Users/abvelazquez/.npm/registry.npmjs.org/gulp-uglify/.cache.json
204 verbose correctMkdir /Users/abvelazquez/.npm correctMkdir already in flight; waiting
205 http 304 https://registry.npmjs.org/gulp-util
206 verbose headers { date: 'Thu, 06 Oct 2016 04:47:20 GMT',
206 verbose headers   via: '1.1 varnish',
206 verbose headers   'cache-control': 'max-age=300',
206 verbose headers   etag: '"2ZB6XT8S1OE9REI9YI5ZC87W1"',
206 verbose headers   age: '40',
206 verbose headers   connection: 'keep-alive',
206 verbose headers   'x-served-by': 'cache-mia1323-MIA',
206 verbose headers   'x-cache': 'HIT',
206 verbose headers   'x-cache-hits': '1',
206 verbose headers   'x-timer': 'S1475729240.794823,VS0,VE0',
206 verbose headers   vary: 'Accept-Encoding' }
207 silly get cb [ 304,
207 silly get   { date: 'Thu, 06 Oct 2016 04:47:20 GMT',
207 silly get     via: '1.1 varnish',
207 silly get     'cache-control': 'max-age=300',
207 silly get     etag: '"2ZB6XT8S1OE9REI9YI5ZC87W1"',
207 silly get     age: '40',
207 silly get     connection: 'keep-alive',
207 silly get     'x-served-by': 'cache-mia1323-MIA',
207 silly get     'x-cache': 'HIT',
207 silly get     'x-cache-hits': '1',
207 silly get     'x-timer': 'S1475729240.794823,VS0,VE0',
207 silly get     vary: 'Accept-Encoding' } ]
208 verbose etag https://registry.npmjs.org/gulp-util from cache
209 verbose get saving gulp-util to /Users/abvelazquez/.npm/registry.npmjs.org/gulp-util/.cache.json
210 verbose correctMkdir /Users/abvelazquez/.npm correctMkdir not in flight; initializing
211 http 304 https://registry.npmjs.org/buffer
212 verbose headers { date: 'Thu, 06 Oct 2016 04:47:20 GMT',
212 verbose headers   via: '1.1 varnish',
212 verbose headers   'cache-control': 'max-age=300',
212 verbose headers   etag: '"DSMMC4RO2MII4VN6UIX2DH238"',
212 verbose headers   age: '205',
212 verbose headers   connection: 'keep-alive',
212 verbose headers   'x-served-by': 'cache-mia1321-MIA',
212 verbose headers   'x-cache': 'HIT',
212 verbose headers   'x-cache-hits': '1',
212 verbose headers   'x-timer': 'S1475729240.794885,VS0,VE0',
212 verbose headers   vary: 'Accept-Encoding' }
213 silly get cb [ 304,
213 silly get   { date: 'Thu, 06 Oct 2016 04:47:20 GMT',
213 silly get     via: '1.1 varnish',
213 silly get     'cache-control': 'max-age=300',
213 silly get     etag: '"DSMMC4RO2MII4VN6UIX2DH238"',
213 silly get     age: '205',
213 silly get     connection: 'keep-alive',
213 silly get     'x-served-by': 'cache-mia1321-MIA',
213 silly get     'x-cache': 'HIT',
213 silly get     'x-cache-hits': '1',
213 silly get     'x-timer': 'S1475729240.794885,VS0,VE0',
213 silly get     vary: 'Accept-Encoding' } ]
214 verbose etag https://registry.npmjs.org/buffer from cache
215 verbose get saving buffer to /Users/abvelazquez/.npm/registry.npmjs.org/buffer/.cache.json
216 verbose correctMkdir /Users/abvelazquez/.npm correctMkdir not in flight; initializing
217 http 304 https://registry.npmjs.org/gulp-livereload
218 verbose headers { date: 'Thu, 06 Oct 2016 04:47:20 GMT',
218 verbose headers   via: '1.1 varnish',
218 verbose headers   'cache-control': 'max-age=300',
218 verbose headers   etag: '"2T79IVZ21Y4T5KFEPIHIYP4PD"',
218 verbose headers   age: '21',
218 verbose headers   connection: 'keep-alive',
218 verbose headers   'x-served-by': 'cache-mia1324-MIA',
218 verbose headers   'x-cache': 'HIT',
218 verbose headers   'x-cache-hits': '1',
218 verbose headers   'x-timer': 'S1475729240.795691,VS0,VE0',
218 verbose headers   vary: 'Accept-Encoding' }
219 silly get cb [ 304,
219 silly get   { date: 'Thu, 06 Oct 2016 04:47:20 GMT',
219 silly get     via: '1.1 varnish',
219 silly get     'cache-control': 'max-age=300',
219 silly get     etag: '"2T79IVZ21Y4T5KFEPIHIYP4PD"',
219 silly get     age: '21',
219 silly get     connection: 'keep-alive',
219 silly get     'x-served-by': 'cache-mia1324-MIA',
219 silly get     'x-cache': 'HIT',
219 silly get     'x-cache-hits': '1',
219 silly get     'x-timer': 'S1475729240.795691,VS0,VE0',
219 silly get     vary: 'Accept-Encoding' } ]
220 verbose etag https://registry.npmjs.org/gulp-livereload from cache
221 verbose get saving gulp-livereload to /Users/abvelazquez/.npm/registry.npmjs.org/gulp-livereload/.cache.json
222 verbose correctMkdir /Users/abvelazquez/.npm correctMkdir not in flight; initializing
223 http 304 https://registry.npmjs.org/babel-preset-es2015
224 verbose headers { date: 'Thu, 06 Oct 2016 04:47:20 GMT',
224 verbose headers   via: '1.1 varnish',
224 verbose headers   'cache-control': 'max-age=300',
224 verbose headers   etag: '"2YJXLQ3GS8W620CR5CQD5IBDA"',
224 verbose headers   age: '282',
224 verbose headers   connection: 'keep-alive',
224 verbose headers   'x-served-by': 'cache-mia1320-MIA',
224 verbose headers   'x-cache': 'HIT',
224 verbose headers   'x-cache-hits': '1',
224 verbose headers   'x-timer': 'S1475729240.799791,VS0,VE0',
224 verbose headers   vary: 'Accept-Encoding' }
225 silly get cb [ 304,
225 silly get   { date: 'Thu, 06 Oct 2016 04:47:20 GMT',
225 silly get     via: '1.1 varnish',
225 silly get     'cache-control': 'max-age=300',
225 silly get     etag: '"2YJXLQ3GS8W620CR5CQD5IBDA"',
225 silly get     age: '282',
225 silly get     connection: 'keep-alive',
225 silly get     'x-served-by': 'cache-mia1320-MIA',
225 silly get     'x-cache': 'HIT',
225 silly get     'x-cache-hits': '1',
225 silly get     'x-timer': 'S1475729240.799791,VS0,VE0',
225 silly get     vary: 'Accept-Encoding' } ]
226 verbose etag https://registry.npmjs.org/babel-preset-es2015 from cache
227 verbose get saving babel-preset-es2015 to /Users/abvelazquez/.npm/registry.npmjs.org/babel-preset-es2015/.cache.json
228 verbose correctMkdir /Users/abvelazquez/.npm correctMkdir not in flight; initializing
229 http 304 https://registry.npmjs.org/source
230 verbose headers { date: 'Thu, 06 Oct 2016 04:47:20 GMT',
230 verbose headers   via: '1.1 varnish',
230 verbose headers   'cache-control': 'max-age=300',
230 verbose headers   etag: '"43RGGEFPUV2272DWA4TGLSSPY"',
230 verbose headers   age: '21',
230 verbose headers   connection: 'keep-alive',
230 verbose headers   'x-served-by': 'cache-mia1325-MIA',
230 verbose headers   'x-cache': 'HIT',
230 verbose headers   'x-cache-hits': '1',
230 verbose headers   'x-timer': 'S1475729240.800012,VS0,VE0',
230 verbose headers   vary: 'Accept-Encoding' }
231 silly get cb [ 304,
231 silly get   { date: 'Thu, 06 Oct 2016 04:47:20 GMT',
231 silly get     via: '1.1 varnish',
231 silly get     'cache-control': 'max-age=300',
231 silly get     etag: '"43RGGEFPUV2272DWA4TGLSSPY"',
231 silly get     age: '21',
231 silly get     connection: 'keep-alive',
231 silly get     'x-served-by': 'cache-mia1325-MIA',
231 silly get     'x-cache': 'HIT',
231 silly get     'x-cache-hits': '1',
231 silly get     'x-timer': 'S1475729240.800012,VS0,VE0',
231 silly get     vary: 'Accept-Encoding' } ]
232 verbose etag https://registry.npmjs.org/source from cache
233 verbose get saving source to /Users/abvelazquez/.npm/registry.npmjs.org/source/.cache.json
234 verbose correctMkdir /Users/abvelazquez/.npm correctMkdir not in flight; initializing
235 http 304 https://registry.npmjs.org/rename
236 verbose headers { date: 'Thu, 06 Oct 2016 04:47:20 GMT',
236 verbose headers   via: '1.1 varnish',
236 verbose headers   'cache-control': 'max-age=300',
236 verbose headers   etag: '"3UZN7LEFNR9T0SEBL0B4JXEFR"',
236 verbose headers   age: '21',
236 verbose headers   connection: 'keep-alive',
236 verbose headers   'x-served-by': 'cache-mia1327-MIA',
236 verbose headers   'x-cache': 'HIT',
236 verbose headers   'x-cache-hits': '1',
236 verbose headers   'x-timer': 'S1475729240.800409,VS0,VE0',
236 verbose headers   vary: 'Accept-Encoding' }
237 silly get cb [ 304,
237 silly get   { date: 'Thu, 06 Oct 2016 04:47:20 GMT',
237 silly get     via: '1.1 varnish',
237 silly get     'cache-control': 'max-age=300',
237 silly get     etag: '"3UZN7LEFNR9T0SEBL0B4JXEFR"',
237 silly get     age: '21',
237 silly get     connection: 'keep-alive',
237 silly get     'x-served-by': 'cache-mia1327-MIA',
237 silly get     'x-cache': 'HIT',
237 silly get     'x-cache-hits': '1',
237 silly get     'x-timer': 'S1475729240.800409,VS0,VE0',
237 silly get     vary: 'Accept-Encoding' } ]
238 verbose etag https://registry.npmjs.org/rename from cache
239 verbose get saving rename to /Users/abvelazquez/.npm/registry.npmjs.org/rename/.cache.json
240 verbose correctMkdir /Users/abvelazquez/.npm correctMkdir not in flight; initializing
241 http 304 https://registry.npmjs.org/watchify
242 verbose headers { date: 'Thu, 06 Oct 2016 04:47:20 GMT',
242 verbose headers   via: '1.1 varnish',
242 verbose headers   'cache-control': 'max-age=300',
242 verbose headers   etag: '"ENXHZV6RZTGJZ1I7HBEH44HOK"',
242 verbose headers   age: '21',
242 verbose headers   connection: 'keep-alive',
242 verbose headers   'x-served-by': 'cache-mia1322-MIA',
242 verbose headers   'x-cache': 'HIT',
242 verbose headers   'x-cache-hits': '2',
242 verbose headers   'x-timer': 'S1475729240.808725,VS0,VE0',
242 verbose headers   vary: 'Accept-Encoding' }
243 silly get cb [ 304,
243 silly get   { date: 'Thu, 06 Oct 2016 04:47:20 GMT',
243 silly get     via: '1.1 varnish',
243 silly get     'cache-control': 'max-age=300',
243 silly get     etag: '"ENXHZV6RZTGJZ1I7HBEH44HOK"',
243 silly get     age: '21',
243 silly get     connection: 'keep-alive',
243 silly get     'x-served-by': 'cache-mia1322-MIA',
243 silly get     'x-cache': 'HIT',
243 silly get     'x-cache-hits': '2',
243 silly get     'x-timer': 'S1475729240.808725,VS0,VE0',
243 silly get     vary: 'Accept-Encoding' } ]
244 verbose etag https://registry.npmjs.org/watchify from cache
245 verbose get saving watchify to /Users/abvelazquez/.npm/registry.npmjs.org/watchify/.cache.json
246 verbose correctMkdir /Users/abvelazquez/.npm correctMkdir not in flight; initializing
247 http 304 https://registry.npmjs.org/merge
248 verbose headers { date: 'Thu, 06 Oct 2016 04:47:20 GMT',
248 verbose headers   via: '1.1 varnish',
248 verbose headers   'cache-control': 'max-age=300',
248 verbose headers   etag: '"AOR1HVZECVBH8YXFDW9UZEKRK"',
248 verbose headers   age: '21',
248 verbose headers   connection: 'keep-alive',
248 verbose headers   'x-served-by': 'cache-mia1323-MIA',
248 verbose headers   'x-cache': 'HIT',
248 verbose headers   'x-cache-hits': '1',
248 verbose headers   'x-timer': 'S1475729240.819042,VS0,VE0',
248 verbose headers   vary: 'Accept-Encoding' }
249 silly get cb [ 304,
249 silly get   { date: 'Thu, 06 Oct 2016 04:47:20 GMT',
249 silly get     via: '1.1 varnish',
249 silly get     'cache-control': 'max-age=300',
249 silly get     etag: '"AOR1HVZECVBH8YXFDW9UZEKRK"',
249 silly get     age: '21',
249 silly get     connection: 'keep-alive',
249 silly get     'x-served-by': 'cache-mia1323-MIA',
249 silly get     'x-cache': 'HIT',
249 silly get     'x-cache-hits': '1',
249 silly get     'x-timer': 'S1475729240.819042,VS0,VE0',
249 silly get     vary: 'Accept-Encoding' } ]
250 verbose etag https://registry.npmjs.org/merge from cache
251 verbose get saving merge to /Users/abvelazquez/.npm/registry.npmjs.org/merge/.cache.json
252 verbose correctMkdir /Users/abvelazquez/.npm correctMkdir not in flight; initializing
253 http 404 https://registry.npmjs.org/sourcemaps
254 verbose headers { 'content-type': 'application/json',
254 verbose headers   'cache-control': 'max-age=0',
254 verbose headers   'content-length': '2',
254 verbose headers   'accept-ranges': 'bytes',
254 verbose headers   date: 'Thu, 06 Oct 2016 04:47:20 GMT',
254 verbose headers   via: '1.1 varnish',
254 verbose headers   age: '0',
254 verbose headers   connection: 'keep-alive',
254 verbose headers   'x-served-by': 'cache-mia1325-MIA',
254 verbose headers   'x-cache': 'MISS',
254 verbose headers   'x-cache-hits': '0',
254 verbose headers   'x-timer': 'S1475729240.786939,VS0,VE189',
254 verbose headers   vary: 'Accept-Encoding' }
255 silly get cb [ 404,
255 silly get   { 'content-type': 'application/json',
255 silly get     'cache-control': 'max-age=0',
255 silly get     'content-length': '2',
255 silly get     'accept-ranges': 'bytes',
255 silly get     date: 'Thu, 06 Oct 2016 04:47:20 GMT',
255 silly get     via: '1.1 varnish',
255 silly get     age: '0',
255 silly get     connection: 'keep-alive',
255 silly get     'x-served-by': 'cache-mia1325-MIA',
255 silly get     'x-cache': 'MISS',
255 silly get     'x-cache-hits': '0',
255 silly get     'x-timer': 'S1475729240.786939,VS0,VE189',
255 silly get     vary: 'Accept-Encoding' } ]
256 silly fetchPackageMetaData Error: Registry returned 404 for GET on https://registry.npmjs.org/sourcemaps
256 silly fetchPackageMetaData     at makeError (/usr/local/lib/node_modules/npm/node_modules/npm-registry-client/lib/request.js:264:12)
256 silly fetchPackageMetaData     at CachingRegistryClient.<anonymous> (/usr/local/lib/node_modules/npm/node_modules/npm-registry-client/lib/request.js:242:14)
256 silly fetchPackageMetaData     at Request._callback (/usr/local/lib/node_modules/npm/node_modules/npm-registry-client/lib/request.js:172:14)
256 silly fetchPackageMetaData     at Request.self.callback (/usr/local/lib/node_modules/npm/node_modules/request/request.js:200:22)
256 silly fetchPackageMetaData     at emitTwo (events.js:106:13)
256 silly fetchPackageMetaData     at Request.emit (events.js:191:7)
256 silly fetchPackageMetaData     at Request.<anonymous> (/usr/local/lib/node_modules/npm/node_modules/request/request.js:1067:10)
256 silly fetchPackageMetaData     at emitOne (events.js:101:20)
256 silly fetchPackageMetaData     at Request.emit (events.js:188:7)
256 silly fetchPackageMetaData     at IncomingMessage.<anonymous> (/usr/local/lib/node_modules/npm/node_modules/request/request.js:988:12)
256 silly fetchPackageMetaData  error for sourcemaps { Error: Registry returned 404 for GET on https://registry.npmjs.org/sourcemaps
256 silly fetchPackageMetaData     at makeError (/usr/local/lib/node_modules/npm/node_modules/npm-registry-client/lib/request.js:264:12)
256 silly fetchPackageMetaData     at CachingRegistryClient.<anonymous> (/usr/local/lib/node_modules/npm/node_modules/npm-registry-client/lib/request.js:242:14)
256 silly fetchPackageMetaData     at Request._callback (/usr/local/lib/node_modules/npm/node_modules/npm-registry-client/lib/request.js:172:14)
256 silly fetchPackageMetaData     at Request.self.callback (/usr/local/lib/node_modules/npm/node_modules/request/request.js:200:22)
256 silly fetchPackageMetaData     at emitTwo (events.js:106:13)
256 silly fetchPackageMetaData     at Request.emit (events.js:191:7)
256 silly fetchPackageMetaData     at Request.<anonymous> (/usr/local/lib/node_modules/npm/node_modules/request/request.js:1067:10)
256 silly fetchPackageMetaData     at emitOne (events.js:101:20)
256 silly fetchPackageMetaData     at Request.emit (events.js:188:7)
256 silly fetchPackageMetaData     at IncomingMessage.<anonymous> (/usr/local/lib/node_modules/npm/node_modules/request/request.js:988:12) pkgid: 'sourcemaps', statusCode: 404, code: 'E404' }
257 silly rollbackFailedOptional Starting
258 silly rollbackFailedOptional Finishing
259 silly runTopLevelLifecycles Starting
260 silly runTopLevelLifecycles Finishing
261 silly install printInstalled
262 verbose stack Error: Registry returned 404 for GET on https://registry.npmjs.org/sourcemaps
262 verbose stack     at makeError (/usr/local/lib/node_modules/npm/node_modules/npm-registry-client/lib/request.js:264:12)
262 verbose stack     at CachingRegistryClient.<anonymous> (/usr/local/lib/node_modules/npm/node_modules/npm-registry-client/lib/request.js:242:14)
262 verbose stack     at Request._callback (/usr/local/lib/node_modules/npm/node_modules/npm-registry-client/lib/request.js:172:14)
262 verbose stack     at Request.self.callback (/usr/local/lib/node_modules/npm/node_modules/request/request.js:200:22)
262 verbose stack     at emitTwo (events.js:106:13)
262 verbose stack     at Request.emit (events.js:191:7)
262 verbose stack     at Request.<anonymous> (/usr/local/lib/node_modules/npm/node_modules/request/request.js:1067:10)
262 verbose stack     at emitOne (events.js:101:20)
262 verbose stack     at Request.emit (events.js:188:7)
262 verbose stack     at IncomingMessage.<anonymous> (/usr/local/lib/node_modules/npm/node_modules/request/request.js:988:12)
263 verbose statusCode 404
264 verbose pkgid sourcemaps
265 verbose cwd /Users/abvelazquez/Documents/Web Development/Browserify_Introduction
266 error Darwin 15.4.0
267 error argv "/usr/local/bin/node" "/usr/local/bin/npm" "install" "--save-dev" "vinyl-source-stream" "vinyl-buffer" "gulp-livereload" "gulp-uglify" "gulp-util" "gulp" "babelify" "babel-preset-es2015" "buffer" "merge" "rename" "source" "sourcemaps" "watchify"
268 error node v6.3.0
269 error npm  v3.10.3
270 error code E404
271 error 404 Registry returned 404 for GET on https://registry.npmjs.org/sourcemaps
272 error 404
273 error 404 'sourcemaps' is not in the npm registry.
274 error 404 You should bug the author to publish it (or use the name yourself!)
275 error 404 Note that you can also install from a
276 error 404 tarball, folder, http url, or git url.
277 verbose exit [ 1, true ]
